#
# There is insufficient memory for the Java Runtime Environment to continue.
# Native memory allocation (mmap) failed to map 67108864 bytes for G1 virtual space
# Possible reasons:
#   The system is out of physical RAM or swap space
#   The process is running with CompressedOops enabled, and the Java Heap may be blocking the growth of the native heap
# Possible solutions:
#   Reduce memory load on the system
#   Increase physical memory or swap space
#   Check if swap backing store is full
#   Decrease Java heap size (-Xmx/-Xms)
#   Decrease number of Java threads
#   Decrease Java thread stack sizes (-Xss)
#   Set larger code cache with -XX:ReservedCodeCacheSize=
#   JVM is running with Unscaled Compressed Oops mode in which the Java heap is
#     placed in the first 4GB address space. The Java Heap base address is the
#     maximum limit for the native heap growth. Please use -XX:HeapBaseMinAddress
#     to set the Java Heap base and to place the Java Heap above 4GB virtual address.
# This output file may be truncated or incomplete.
#
#  Out of Memory Error (os_windows.cpp:3600), pid=13284, tid=19964
#
# JRE version:  (21.0.3+7) (build )
# Java VM: Java HotSpot(TM) 64-Bit Server VM (21.0.3+7-LTS-152, mixed mode, sharing, tiered, compressed oops, compressed class ptrs, g1 gc, windows-amd64)
# No core dump will be written. Minidumps are not enabled by default on client versions of Windows
#

---------------  S U M M A R Y ------------

Command Line: -Dorg.gradle.internal.worker.tmpdir=C:\Users\Carito\Documents\Gabriel\Proyectos\acl\acl.back\build\tmp\test\work -Xmx512m -Dfile.encoding=UTF-8 -Duser.country=US -Duser.language=en -Duser.variant -ea worker.org.gradle.process.internal.worker.GradleWorkerMain 'Gradle Test Executor 1'

Host: Intel(R) Core(TM) i3-4030U CPU @ 1.90GHz, 4 cores, 3G,  Windows 10 , 64 bit Build 19041 (10.0.19041.3636)
Time: Tue Jun 11 19:46:01 2024 Pacific SA Standard Time elapsed time: 0.042126 seconds (0d 0h 0m 0s)

---------------  T H R E A D  ---------------

Current thread (0x0000023f77074ee0):  JavaThread "Unknown thread" [_thread_in_vm, id=19964, stack(0x0000006bfa700000,0x0000006bfa800000) (1024K)]

Stack: [0x0000006bfa700000,0x0000006bfa800000]
Native frames: (J=compiled Java code, j=interpreted, Vv=VM code, C=native code)
V  [jvm.dll+0x6c63b9]
V  [jvm.dll+0x84fa11]
V  [jvm.dll+0x851f3e]
V  [jvm.dll+0x852613]
V  [jvm.dll+0x27cd46]
V  [jvm.dll+0x6c2b55]
V  [jvm.dll+0x6b76da]
V  [jvm.dll+0x35051a]
V  [jvm.dll+0x358176]
V  [jvm.dll+0x3aa84e]
V  [jvm.dll+0x3aaaf8]
V  [jvm.dll+0x32491c]
V  [jvm.dll+0x32547b]
V  [jvm.dll+0x818f69]
V  [jvm.dll+0x3b7771]
V  [jvm.dll+0x802358]
V  [jvm.dll+0x44c7ce]
V  [jvm.dll+0x44e2a1]
C  [jli.dll+0x52a3]
C  [ucrtbase.dll+0x21bb2]
C  [KERNEL32.DLL+0x17344]
C  [ntdll.dll+0x526b1]


---------------  P R O C E S S  ---------------

Threads class SMR info:
_java_thread_list=0x00007ffbf8711b88, length=0, elements={
}

Java Threads: ( => current thread )
Total: 0

Other Threads:
  0x0000023f7709e5b0 WorkerThread "GC Thread#0"                     [id=7044, stack(0x0000006bfa800000,0x0000006bfa900000) (1024K)]
  0x0000023f770a3740 ConcurrentGCThread "G1 Main Marker"            [id=12864, stack(0x0000006bfa900000,0x0000006bfaa00000) (1024K)]
  0x0000023f770a4240 WorkerThread "G1 Conc#0"                       [id=18620, stack(0x0000006bfaa00000,0x0000006bfab00000) (1024K)]

[error occurred during error reporting (printing all threads), id 0xc0000005, EXCEPTION_ACCESS_VIOLATION (0xc0000005) at pc=0x00007ffbf7e87077]
VM state: not at safepoint (not fully initialized)

VM Mutex/Monitor currently owned by a thread:  ([mutex/lock_event])
[0x00007ffbf8782ea8] Heap_lock - owner thread: 0x0000023f77074ee0

Heap address: 0x00000000e0000000, size: 512 MB, Compressed Oops mode: 32-bit

CDS archive(s) mapped at: [0x0000000000000000-0x0000000000000000-0x0000000000000000), size 0, SharedBaseAddress: 0x0000000800000000, ArchiveRelocationMode: 1.
Narrow klass base: 0x0000000000000000, Narrow klass shift: 0, Narrow klass range: 0x0

GC Precious Log:
 CardTable entry size: 512
 Card Set container configuration: InlinePtr #cards 5 size 8 Array Of Cards #cards 12 size 40 Howl #buckets 4 coarsen threshold 1843 Howl Bitmap #cards 512 size 80 coarsen threshold 460 Card regions per heap region 1 cards per card region 2048

Heap:
 garbage-first heap   total 0K, used 0K [0x00000000e0000000, 0x0000000100000000)
  region size 1024K, 0 young (0K), 0 survivors (0K)

[error occurred during error reporting (printing heap information), id 0xc0000005, EXCEPTION_ACCESS_VIOLATION (0xc0000005) at pc=0x00007ffbf826e669]
GC Heap History (0 events):
No events

Dll operation events (1 events):
Event: 0.025 Loaded shared library C:\Program Files\Java\jdk-21.0.3\bin\java.dll

Deoptimization events (0 events):
No events

Classes loaded (0 events):
No events

Classes unloaded (0 events):
No events

Classes redefined (0 events):
No events

Internal exceptions (0 events):
No events

ZGC Phase Switch (0 events):
No events

VM Operations (0 events):
No events

Events (0 events):
No events


Dynamic libraries:
0x00007ff668230000 - 0x00007ff668240000 	C:\Program Files\Java\jdk-21.0.3\bin\java.exe
0x00007ffc71c30000 - 0x00007ffc71e28000 	C:\WINDOWS\SYSTEM32\ntdll.dll
0x00007ffc70ef0000 - 0x00007ffc70fad000 	C:\WINDOWS\System32\KERNEL32.DLL
0x00007ffc6f6f0000 - 0x00007ffc6f9e6000 	C:\WINDOWS\System32\KERNELBASE.dll
0x00007ffc6f5f0000 - 0x00007ffc6f6f0000 	C:\WINDOWS\System32\ucrtbase.dll
0x00007ffc3aee0000 - 0x00007ffc3aefb000 	C:\Program Files\Java\jdk-21.0.3\bin\VCRUNTIME140.dll
0x00007ffc3c1e0000 - 0x00007ffc3c1f9000 	C:\Program Files\Java\jdk-21.0.3\bin\jli.dll
0x00007ffc71b40000 - 0x00007ffc71bf0000 	C:\WINDOWS\System32\ADVAPI32.dll
0x00007ffc6ff30000 - 0x00007ffc6ffce000 	C:\WINDOWS\System32\msvcrt.dll
0x00007ffc70940000 - 0x00007ffc709e0000 	C:\WINDOWS\System32\sechost.dll
0x00007ffc71740000 - 0x00007ffc71863000 	C:\WINDOWS\System32\RPCRT4.dll
0x00007ffc6f2e0000 - 0x00007ffc6f307000 	C:\WINDOWS\System32\bcrypt.dll
0x00007ffc71420000 - 0x00007ffc715bf000 	C:\WINDOWS\System32\USER32.dll
0x00007ffc6fc30000 - 0x00007ffc6fc52000 	C:\WINDOWS\System32\win32u.dll
0x00007ffc71ab0000 - 0x00007ffc71adb000 	C:\WINDOWS\System32\GDI32.dll
0x00007ffc6faa0000 - 0x00007ffc6fbb7000 	C:\WINDOWS\System32\gdi32full.dll
0x00007ffc6f550000 - 0x00007ffc6f5ed000 	C:\WINDOWS\System32\msvcp_win.dll
0x00007ffc60340000 - 0x00007ffc605da000 	C:\WINDOWS\WinSxS\amd64_microsoft.windows.common-controls_6595b64144ccf1df_6.0.19041.4355_none_60b8b9eb71f62e16\COMCTL32.dll
0x00007ffc68e70000 - 0x00007ffc68e7a000 	C:\WINDOWS\SYSTEM32\VERSION.dll
0x00007ffc6fef0000 - 0x00007ffc6ff22000 	C:\WINDOWS\System32\IMM32.DLL
0x00007ffc5deb0000 - 0x00007ffc5debc000 	C:\Program Files\Java\jdk-21.0.3\bin\vcruntime140_1.dll
0x00007ffc2dc10000 - 0x00007ffc2dc9e000 	C:\Program Files\Java\jdk-21.0.3\bin\msvcp140.dll
0x00007ffbf7b50000 - 0x00007ffbf885d000 	C:\Program Files\Java\jdk-21.0.3\bin\server\jvm.dll
0x00007ffc70e80000 - 0x00007ffc70eeb000 	C:\WINDOWS\System32\WS2_32.dll
0x00007ffc6f130000 - 0x00007ffc6f17b000 	C:\WINDOWS\SYSTEM32\POWRPROF.dll
0x00007ffc61410000 - 0x00007ffc61437000 	C:\WINDOWS\SYSTEM32\WINMM.dll
0x00007ffc6f110000 - 0x00007ffc6f122000 	C:\WINDOWS\SYSTEM32\UMPDC.dll
0x00007ffc6d160000 - 0x00007ffc6d172000 	C:\WINDOWS\SYSTEM32\kernel.appcore.dll
0x00007ffc55510000 - 0x00007ffc5551a000 	C:\Program Files\Java\jdk-21.0.3\bin\jimage.dll
0x00007ffc61620000 - 0x00007ffc61804000 	C:\WINDOWS\SYSTEM32\DBGHELP.DLL
0x00007ffc5df30000 - 0x00007ffc5df64000 	C:\WINDOWS\SYSTEM32\dbgcore.DLL
0x00007ffc6f310000 - 0x00007ffc6f392000 	C:\WINDOWS\System32\bcryptPrimitives.dll
0x00007ffc3aec0000 - 0x00007ffc3aedf000 	C:\Program Files\Java\jdk-21.0.3\bin\java.dll

dbghelp: loaded successfully - version: 4.0.5 - missing functions: none
symbol engine: initialized successfully - sym options: 0x614 - pdb path: .;C:\Program Files\Java\jdk-21.0.3\bin;C:\WINDOWS\SYSTEM32;C:\WINDOWS\WinSxS\amd64_microsoft.windows.common-controls_6595b64144ccf1df_6.0.19041.4355_none_60b8b9eb71f62e16;C:\Program Files\Java\jdk-21.0.3\bin\server

VM Arguments:
jvm_args: -Dorg.gradle.internal.worker.tmpdir=C:\Users\Carito\Documents\Gabriel\Proyectos\acl\acl.back\build\tmp\test\work -Xmx512m -Dfile.encoding=UTF-8 -Duser.country=US -Duser.language=en -Duser.variant -ea 
java_command: worker.org.gradle.process.internal.worker.GradleWorkerMain 'Gradle Test Executor 1'
java_class_path (initial): C:\\Users\\Carito\\.gradle\\caches\\8.8\\workerMain\\gradle-worker.jar;C:\\Users\\Carito\\Documents\\Gabriel\\Proyectos\\acl\\acl.back\\build\\classes\\java\\test;C:\\Users\\Carito\\Documents\\Gabriel\\Proyectos\\acl\\acl.back\\build\\classes\\java\\main;C:\\Users\\Carito\\Documents\\Gabriel\\Proyectos\\acl\\acl.back\\build\\resources\\main;C:\\Users\\Carito\\.gradle\\caches\\modules-2\\files-2.1\\org.springframework.boot\\spring-boot-starter-validation\\3.3.0\\567b0ee4be72f0888addbbb52f66979d5e6ecf1\\spring-boot-starter-validation-3.3.0.jar;C:\\Users\\Carito\\.gradle\\caches\\modules-2\\files-2.1\\org.springframework.boot\\spring-boot-starter-data-jpa\\3.3.0\\daa6f75f99e68f11f473a5681955764ff4d4b024\\spring-boot-starter-data-jpa-3.3.0.jar;C:\\Users\\Carito\\.gradle\\caches\\modules-2\\files-2.1\\org.springframework.boot\\spring-boot-starter-web\\3.3.0\\d8f587bc52e6c31dc4f161a49ce8f5e19f8853a9\\spring-boot-starter-web-3.3.0.jar;C:\\Users\\Carito\\.gradle\\caches\\modules-2\\files-2.1\\com.h2database\\h2\\2.2.224\\7bdade27d8cd197d9b5ce9dc251f41d2edc5f7ad\\h2-2.2.224.jar;C:\\Users\\Carito\\.gradle\\caches\\modules-2\\files-2.1\\org.springframework.boot\\spring-boot-starter-test\\3.3.0\\7e8530fb86a9354d3ef8e5efece6e75899f0cdc8\\spring-boot-starter-test-3.3.0.jar;C:\\Users\\Carito\\.gradle\\caches\\modules-2\\files-2.1\\org.springframework.security\\spring-security-test\\6.3.0\\6b1cdf6b78c21fc63104f2c151f5a83a2d01cfa7\\spring-security-test-6.3.0.jar;C:\\Users\\Carito\\.gradle\\caches\\modules-2\\files-2.1\\org.mockito\\mockito-junit-jupiter\\5.11.0\\8e658dd339f40305ed4293db25545b5df98b171b\\mockito-junit-jupiter-5.11.0.jar;C:\\Users\\Carito\\.gradle\\caches\\modules-2\\files-2.1\\org.mockito\\mockito-core\\5.12.0\\22f8bbaf478e6789164787fa411a3b5ed986e110\\mockito-core-5.12.0.jar;C:\\Users\\Carito\\.gradle\\caches\\modules-2\\files-2.1\\org.junit.jupiter\\junit-jupiter\\5.10.2\\831c0b86ddc2ce38391c5b81ea662b0cfdc02cce\\junit-jupiter-5.10.2.jar;C:\\Users\\Carito\\.gradle\\caches\\modules-2\\files-2.1\\org.junit.jupiter\\junit-jupiter-engine\\5.10.2\\f1f8fe97bd58e85569205f071274d459c2c4f8cd\\junit-jupiter-engine-5.10.2.jar;C:\\Users\\Carito\\.gradle\\caches\\modules-2\\files-2.1\\org.junit.platform\\junit-platform-engine\\1.10.2\\d53bb4e0ce7f211a498705783440614bfaf0df2e\\junit-platform-engine-1.10.2.jar;C:\\Users\\Carito\\.gradle\\caches\\modules-2\\files-2.1\\org.junit.jupiter\\junit-jupiter-params\\5.10.2\\359132c82a9d3fa87a325db6edd33b5fdc67a3d8\\junit-jupiter-params-5.10.2.jar;C:\\Users\\Carito\\.gradle\\caches\\modules-2\\files-2.1\\org.junit.jupiter\\junit-jupiter-api\\5.10.2\\fb55d6e2bce173f35fd28422e7975539621055ef\\junit-jupiter-api-5.10.2.jar;C:\\Users\\Carito\\.gradle\\caches\\modules-2\\files-2.1\\org.junit.platform\\junit-platform-commons\\1.10.2\\3197154a1f0c88da46c47a9ca27611ac7ec5d797\\junit-platform-commons-1.10.2.jar;C:\\Users\\Carito\\.gradle\\caches\\modules-2\\files-2.1\\org.junit.platform\\junit-platform-launcher\\1.10.2\\8125dd29e847ca274dd1a7a9ca54859acc284cb3\\junit-platform-launcher-1.10.2.jar;C:\\Users\\Carito\\.gradle\\caches\\modules-2\\files-2.1\\org.springframework.boot\\spring-boot-starter-aop\\3.3.0\\f160f43a3f58618c92677d249a64def02a76830c\\spring-boot-starter-aop-3.3.0.jar;C:\\Users\\Carito\\.gradle\\caches\\modules-2\\files-2.1\\org.springframework.boot\\spring-boot-starter-jdbc\\3.3.0\\d2521191455fbf05c8d5bb49f39cb6d8fcb004b\\spring-boot-starter-jdbc-3.3.0.jar;C:\\Users\\Carito\\.gradle\\caches\\modules-2\\files-2.1\\org.springframework.boot\\spring-boot-starter-json\\3.3.0\\1c9938093b372602f121e2b073f490897388cc71\\spring-boot-starter-json-3.3.0.jar;C:\\Users\\Carito\\.gradle\\caches\\modules-2\\files-2.1\\org.springframework.boot\\spring-boot-starter\\3.3.0\\1af929e0fcb10c2bfc3f3619f4ca9049bd927b\\spring-boot-starter-3.3.0.jar;C:\\Users\\Carito\\.gradle\\caches\\modules-2\\files-2.1\\org.springframework.boot\\spring-boot-starter-tomcat\\3.3.0\\f9cdd6f3976d307e10cce065349e331d7162faf2\\spring-boot-starter-tomcat-3.3.0.jar;C:\\Users\\Carito\\.gradle\\caches\\modules-2\\files-2.1\\org.apache.tomcat.embed\\tomcat-embed-el\\10.1.24\\6e9c9dce63c10f903cb0aaaeff45f5f7092f5527\\tomcat-embed-el-10.1.24.jar;C:\\Users\\Carito\\.gradle\\caches\\modules-2\\files-2.1\\org.hibernate.validator\\hibernate-validator\\8.0.1.Final\\e49e116b3d3928060599b176b3538bb848718e95\\hibernate-validator-8.0.1.Final.jar;C:\\Users\\Carito\\.gradle\\caches\\modules-2\\files-2.1\\org.hibernate.orm\\hibernate-core\\6.5.2.Final\\e9e0cc47f6cd2b2553968aee66bd9e55e7485221\\hibernate-core-6.5.2.Final.jar;C:\\Users\\Carito\\.gradle\\caches\\modules-2\\files-2.1\\org.springframework.data\\spring-data-jpa\\3.3.0\\b1a00d814eeffd3024ddc9967b8f1e38d6f9deb7\\spring-data-jpa-3.3.0.jar;C:\\Users\\Carito\\.gradle\\caches\\modules-2\\files-2.1\\org.springframework\\spring-aspects\\6.1.8\\14565483b4dc6171a8d28f953cb202ecbf8fbd0e\\spring-aspects-6.1.8.jar;C:\\Users\\Carito\\.gradle\\caches\\modules-2\\files-2.1\\org.springframework\\spring-webmvc\\6.1.8\\8496f8c010625bc0b857d19d2e93a9bdd691c1af\\spring-webmvc-6.1.8.jar;C:\\Users\\Carito\\.gradle\\caches\\modules-2\\files-2.1\\org.springframework.security\\spring-security-web\\6.3.0\\dfdec2d22d6dff861af9e17e0893e3edc742694a\\spring-security-web-6.3.0.jar;C:\\Users\\Carito\\.gradle\\caches\\modules-2\\files-2.1\\org.springframework\\spring-web\\6.1.8\\1461405dc325c82a0a058df033bee3d8c6dd6e41\\spring-web-6.1.8.jar;C:\\Users\\Carito\\.gradle\\caches\\modules-2\\files-2.1\\org.springframework.boot\\spring-boot-test-autoconfigure\\3.3.0\\1e5451c5f21caa7c9ec8dcc1ec81513983c17098\\spring-boot-test-autoconfigure-3.3.0.jar;C:\\Users\\Carito\\.gradle\\caches\\modules-2\\files-2.1\\org.springframework.boot\\spring-boot-test\\3.3.0\\75d7387692d786d957e064f52bd44c7e3e3c393d\\spring-boot-test-3.3.0.jar;C:\\Users\\Carito\\.gradle\\caches\\modules-2\\files-2.1\\com.jayway.jsonpath\\json-path\\2.9.0\\37fe2217f577b0b68b18e62c4d17a8858ecf9b69\\json-path-2.9.0.jar;C:\\Users\\Carito\\.gradle\\caches\\modules-2\\files-2.1\\org.glassfish.jaxb\\jaxb-runtime\\4.0.5\\ca84c2a7169b5293e232b9d00d1e4e36d4c3914a\\jaxb-runtime-4.0.5.jar;C:\\Users\\Carito\\.gradle\\caches\\modules-2\\files-2.1\\org.glassfish.jaxb\\jaxb-core\\4.0.5\\7b4b11ea5542eea4ad55e1080b23be436795b3\\jaxb-core-4.0.5.jar;C:\\Users\\Carito\\.gradle\\caches\\modules-2\\files-2.1\\jakarta.xml.bind\\jakarta.xml.bind-api\\4.0.2\\6cd5a999b834b63238005b7144136379dc36cad2\\jakarta.xml.bind-api-4.0.2.jar;C:\\Users\\Carito\\.gradle\\caches\\modules-2\\files-2.1\\net.minidev\\json-smart\\2.5.1\\4c11d2808d009132dfbbf947ebf37de6bf266c8e\\json-smart-2.5.1.jar;C:\\Users\\Carito\\.gradle\\caches\\modules-2\\files-2.1\\org.assertj\\assertj-core\\3.25.3\\792b270e73aa1cfc28fa135be0b95e69ea451432\\assertj-core-3.25.3.jar;C:\\Users\\Carito\\.gradle\\caches\\modules-2\\files-2.1\\org.awaitility\\awaitility\\4.2.1\\e56b600e0b184182ba5b2baccd2bab593a98a624\\awaitility-4.2.1.jar;C:\\Users\\Carito\\.gradle\\caches\\modules-2\\files-2.1\\org.hamcrest\\hamcrest\\2.2\\1820c0968dba3a11a1b30669bb1f01978a91dedc\\hamcrest-2.2.jar;C:\\Users\\Carito\\.gradle\\caches\\modules-2\\files-2.1\\org.skyscreamer\\jsonassert\\1.5.1\\6d842d0faf4cf6725c509a5e5347d319ee0431c3\\jsonassert-1.5.1.jar;C:\\Users\\Carito\\.gradle\\caches\\modules-2\\files-2.1\\org.springframework\\spring-test\\6.1.8\\72839d29b5c60e1ce9b720abd6a8c396e5b265b2\\spring-test-6.1.8.jar;C:\\Users\\Carito\\.gradle\\caches\\modules-2\\files-2.1\\org.springframework.security\\spring-security-core\\6.3.0\\5775b401f2764e72bc8a47300a940b2d1e4ea719\\spring-security-core-6.3.0.jar;C:\\Users\\Carito\\.gradle\\caches\\modules-2\\files-2.1\\org.springframework.boot\\spring-boot-autoconfigure\\3.3.0\\1d98cfa94223e6a3a0e0ad301822cef90cc04fbc\\spring-boot-autoconfigure-3.3.0.jar;C:\\Users\\Carito\\.gradle\\caches\\modules-2\\files-2.1\\org.springframework.boot\\spring-boot\\3.3.0\\83d42f81f312d71b9425f58d1d3f9e8970e51b22\\spring-boot-3.3.0.jar;C:\\Users\\Carito\\.gradle\\caches\\modules-2\\files-2.1\\org.springframework\\spring-context\\6.1.8\\21219a0df58e5b96ef489a172b449232573352e8\\spring-context-6.1.8.jar;C:\\Users\\Carito\\.gradle\\caches\\modules-2\\files-2.1\\org.springframework\\spring-aop\\6.1.8\\ef793a21e405a88d9d32b92cb459c845ee12b271\\spring-aop-6.1.8.jar;C:\\Users\\Carito\\.gradle\\caches\\modules-2\\files-2.1\\org.springframework\\spring-orm\\6.1.8\\f66e4c27c29f939083a164513b90ebf7109e76d1\\spring-orm-6.1.8.jar;C:\\Users\\Carito\\.gradle\\caches\\modules-2\\files-2.1\\org.springframework\\spring-jdbc\\6.1.8\\a744f02da5a64f2b497f143c461a5d5d675051e6\\spring-jdbc-6.1.8.jar;C:\\Users\\Carito\\.gradle\\caches\\modules-2\\files-2.1\\org.springframework.data\\spring-data-commons\\3.3.0\\4dc8ab6219476c3893b27f29ea232ad71911c86e\\spring-data-commons-3.3.0.jar;C:\\Users\\Carito\\.gradle\\caches\\modules-2\\files-2.1\\org.springframework\\spring-tx\\6.1.8\\1f0249f1785d39f9e21694aaeb4b02916abda632\\spring-tx-6.1.8.jar;C:\\Users\\Carito\\.gradle\\caches\\modules-2\\files-2.1\\org.springframework\\spring-beans\\6.1.8\\79a5e45383542ff514b5328fe277410cf4054f3b\\spring-beans-6.1.8.jar;C:\\Users\\Carito\\.gradle\\caches\\modules-2\\files-2.1\\org.springframework\\spring-expression\\6.1.8\\dcf78ef442c24f32ff8c6a9746e7f5209b330111\\spring-expression-6.1.8.jar;C:\\Users\\Carito\\.gradle\\caches\\modules-2\\files-2.1\\org.springframework\\spring-core\\6.1.8\\141fc11a5dbaa503fe361150312ad0fa9d9c03da\\spring-core-6.1.8.jar;C:\\Users\\Carito\\.gradle\\caches\\modules-2\\files-2.1\\org.xmlunit\\xmlunit-core\\2.9.1\\e5833662d9a1279a37da3ef6f62a1da29fcd68c4\\xmlunit-core-2.9.1.jar;C:\\Users\\Carito\\.gradle\\caches\\modules-2\\files-2.1\\net.bytebuddy\\byte-buddy\\1.14.16\\e1b9a06e131b7d5b183c8ccc7c29b9e5a8dba077\\byte-buddy-1.14.16.jar;C:\\Users\\Carito\\.gradle\\caches\\modules-2\\files-2.1\\net.bytebuddy\\byte-buddy-agent\\1.14.16\\4a451ee6484abac3a498df0f3b33ed00a6fced4d\\byte-buddy-agent-1.14.16.jar;C:\\Users\\Carito\\.gradle\\caches\\modules-2\\files-2.1\\org.objenesis\\objenesis\\3.3\\1049c09f1de4331e8193e579448d0916d75b7631\\objenesis-3.3.jar;C:\\Users\\Carito\\.gradle\\caches\\modules-2\\files-2.1\\org.springframework.boot\\spring-boot-starter-logging\\3.3.0\\79a400c9d7ce3a7cecf296fda402e3100a099bce\\spring-boot-starter-logging-3.3.0.jar;C:\\Users\\Carito\\.gradle\\caches\\modules-2\\files-2.1\\jakarta.annotation\\jakarta.annotation-api\\2.1.1\\48b9bda22b091b1f48b13af03fe36db3be6e1ae3\\jakarta.annotation-api-2.1.1.jar;C:\\Users\\Carito\\.gradle\\caches\\modules-2\\files-2.1\\org.yaml\\snakeyaml\\2.2\\3af797a25458550a16bf89acc8e4ab2b7f2bfce0\\snakeyaml-2.2.jar;C:\\Users\\Carito\\.gradle\\caches\\modules-2\\files-2.1\\jakarta.validation\\jakarta.validation-api\\3.0.2\\92b6631659ba35ca09e44874d3eb936edfeee532\\jakarta.validation-api-3.0.2.jar;C:\\Users\\Carito\\.gradle\\caches\\modules-2\\files-2.1\\org.jboss.logging\\jboss-logging\\3.5.3.Final\\c88fc1d8a96d4c3491f55d4317458ccad53ca663\\jboss-logging-3.5.3.Final.jar;C:\\Users\\Carito\\.gradle\\caches\\modules-2\\files-2.1\\com.fasterxml\\classmate\\1.7.0\\e98374da1f2143ac8e6e0a95036994bb19137a3\\classmate-1.7.0.jar;C:\\Users\\Carito\\.gradle\\caches\\modules-2\\files-2.1\\org.aspectj\\aspectjweaver\\1.9.22\\10736ab74a53af5e2e1b07e76335a5391526b6f8\\aspectjweaver-1.9.22.jar;C:\\Users\\Carito\\.gradle\\caches\\modules-2\\files-2.1\\com.zaxxer\\HikariCP\\5.1.0\\8c96e36c14461fc436bb02b264b96ef3ca5dca8c\\HikariCP-5.1.0.jar;C:\\Users\\Carito\\.gradle\\caches\\modules-2\\files-2.1\\jakarta.persistence\\jakarta.persistence-api\\3.1.0\\66901fa1c373c6aff65c13791cc11da72060a8d6\\jakarta.persistence-api-3.1.0.jar;C:\\Users\\Carito\\.gradle\\caches\\modules-2\\files-2.1\\jakarta.transaction\\jakarta.transaction-api\\2.0.1\\51a520e3fae406abb84e2e1148e6746ce3f80a1a\\jakarta.transaction-api-2.0.1.jar;C:\\Users\\Carito\\.gradle\\caches\\modules-2\\files-2.1\\org.hibernate.common\\hibernate-commons-annotations\\6.0.6.Final\\77a5f94b56d49508e0ee334751db5b78e5ccd50c\\hibernate-commons-annotations-6.0.6.Final.jar;C:\\Users\\Carito\\.gradle\\caches\\modules-2\\files-2.1\\io.smallrye\\jandex\\3.1.2\\a6c1c89925c7df06242b03dddb353116ceb9584c\\jandex-3.1.2.jar;C:\\Users\\Carito\\.gradle\\caches\\modules-2\\files-2.1\\jakarta.inject\\jakarta.inject-api\\2.0.1\\4c28afe1991a941d7702fe1362c365f0a8641d1e\\jakarta.inject-api-2.0.1.jar;C:\\Users\\Carito\\.gradle\\caches\\modules-2\\files-2.1\\org.antlr\\antlr4-runtime\\4.13.0\\5a02e48521624faaf5ff4d99afc88b01686af655\\antlr4-runtime-4.13.0.jar;C:\\Users\\Carito\\.gradle\\caches\\modules-2\\files-2.1\\ch.qos.logback\\logback-classic\\1.5.6\\afc75d260d838a3bddfb8f207c2805ed7d1b34f9\\logback-classic-1.5.6.jar;C:\\Users\\Carito\\.gradle\\caches\\modules-2\\files-2.1\\org.apache.logging.log4j\\log4j-to-slf4j\\2.23.1\\425ad1eb8a39904d2830e907a324e956fb456520\\log4j-to-slf4j-2.23.1.jar;C:\\Users\\Carito\\.gradle\\caches\\modules-2\\files-2.1\\org.slf4j\\jul-to-slf4j\\2.0.13\\a3bcd9d9dd50c71ce69f06b1fd05e40fdeff6ba5\\jul-to-slf4j-2.0.13.jar;C:\\Users\\Carito\\.gradle\\caches\\modules-2\\files-2.1\\org.slf4j\\slf4j-api\\2.0.13\\80229737f704b121a318bba5d5deacbcf395bc77\\slf4j-api-2.0.13.jar;C:\\Users\\Carito\\.gradle\\caches\\modules-2\\files-2.1\\com.fasterxml.jackson.datatype\\jackson-datatype-jsr310\\2.17.1\\969b0c3cb8c75d759e9a6c585c44c9b9f3a4f75\\jackson-datatype-jsr310-2.17.1.jar;C:\\Users\\Carito\\.gradle\\caches\\modules-2\\files-2.1\\com.fasterxml.jackson.module\\jackson-module-parameter-names\\2.17.1\\74a998f6fbcedbddedf0a27e8ce72078b2e516a6\\jackson-module-parameter-names-2.17.1.jar;C:\\Users\\Carito\\.gradle\\caches\\modules-2\\files-2.1\\com.fasterxml.jackson.core\\jackson-annotations\\2.17.1\\fca7ef6192c9ad05d07bc50da991bf937a84af3a\\jackson-annotations-2.17.1.jar;C:\\Users\\Carito\\.gradle\\caches\\modules-2\\files-2.1\\com.fasterxml.jackson.core\\jackson-core\\2.17.1\\5e52a11644cd59a28ef79f02bddc2cc3bab45edb\\jackson-core-2.17.1.jar;C:\\Users\\Carito\\.gradle\\caches\\modules-2\\files-2.1\\com.fasterxml.jackson.datatype\\jackson-datatype-jdk8\\2.17.1\\76b495194c36058904c82e288d285a1bd13f0ffa\\jackson-datatype-jdk8-2.17.1.jar;C:\\Users\\Carito\\.gradle\\caches\\modules-2\\files-2.1\\com.fasterxml.jackson.core\\jackson-databind\\2.17.1\\524dcbcccdde7d45a679dfc333e4763feb09079\\jackson-databind-2.17.1.jar;C:\\Users\\Carito\\.gradle\\caches\\modules-2\\files-2.1\\org.apache.tomcat.embed\\tomcat-embed-websocket\\10.1.24\\938419aba5a4f4645b9cd23a9e1d5453e85d09b9\\tomcat-embed-websocket-10.1.24.jar;C:\\Users\\Carito\\.gradle\\caches\\modules-2\\files-2.1\\org.apache.tomcat.embed\\tomcat-embed-core\\10.1.24\\cd9358f0a26d26e1a2c7200f69cb9a302c20ceb4\\tomcat-embed-core-10.1.24.jar;C:\\Users\\Carito\\.gradle\\caches\\modules-2\\files-2.1\\io.micrometer\\micrometer-observation\\1.13.0\\5aa75fbb4367dc3b28e557d14535d21335dc8985\\micrometer-observation-1.13.0.jar;C:\\Users\\Carito\\.gradle\\caches\\modules-2\\files-2.1\\org.eclipse.angus\\angus-activation\\2.0.2\\41f1e0ddd157c856926ed149ab837d110955a9fc\\angus-activation-2.0.2.jar;C:\\Users\\Carito\\.gradle\\caches\\modules-2\\files-2.1\\jakarta.activation\\jakarta.activation-api\\2.1.3\\fa165bd70cda600368eee31555222776a46b881f\\jakarta.activation-api-2.1.3.jar;C:\\Users\\Carito\\.gradle\\caches\\modules-2\\files-2.1\\net.minidev\\accessors-smart\\2.5.1\\19b820261eb2e7de7d5bde11d1c06e4501dd7e5f\\accessors-smart-2.5.1.jar;C:\\Users\\Carito\\.gradle\\caches\\modules-2\\files-2.1\\com.vaadin.external.google\\android-json\\0.0.20131108.vaadin1\\fa26d351fe62a6a17f5cda1287c1c6110dec413f\\android-json-0.0.20131108.vaadin1.jar;C:\\Users\\Carito\\.gradle\\caches\\modules-2\\files-2.1\\org.springframework\\spring-jcl\\6.1.8\\a545266a6efac9283353a922783a0a06f197ec0\\spring-jcl-6.1.8.jar;C:\\Users\\Carito\\.gradle\\caches\\modules-2\\files-2.1\\org.springframework.security\\spring-security-crypto\\6.3.0\\78f15b86c791fc7af446cec84ccd941e2eee32cb\\spring-security-crypto-6.3.0.jar;C:\\Users\\Carito\\.gradle\\caches\\modules-2\\files-2.1\\org.opentest4j\\opentest4j\\1.3.0\\152ea56b3a72f655d4fd677fc0ef2596c3dd5e6e\\opentest4j-1.3.0.jar;C:\\Users\\Carito\\.gradle\\caches\\modules-2\\files-2.1\\io.micrometer\\micrometer-commons\\1.13.0\\156a59aff8d72c5e631eb4a2d739373ed5881609\\micrometer-commons-1.13.0.jar;C:\\Users\\Carito\\.gradle\\caches\\modules-2\\files-2.1\\org.ow2.asm\\asm\\9.6\\aa205cf0a06dbd8e04ece91c0b37c3f5d567546a\\asm-9.6.jar;C:\\Users\\Carito\\.gradle\\caches\\modules-2\\files-2.1\\ch.qos.logback\\logback-core\\1.5.6\\41cbe874701200c5624c19e0ab50d1b88dfcc77d\\logback-core-1.5.6.jar;C:\\Users\\Carito\\.gradle\\caches\\modules-2\\files-2.1\\org.apache.logging.log4j\\log4j-api\\2.23.1\\9c15c29c526d9c6783049c0a77722693c66706e1\\log4j-api-2.23.1.jar;C:\\Users\\Carito\\.gradle\\caches\\modules-2\\files-2.1\\org.glassfish.jaxb\\txw2\\4.0.5\\f36a4ef12120a9bb06d766d6a0e54b144fd7ed98\\txw2-4.0.5.jar;C:\\Users\\Carito\\.gradle\\caches\\modules-2\\files-2.1\\com.sun.istack\\istack-commons-runtime\\4.1.2\\18ec117c85f3ba0ac65409136afa8e42bc74e739\\istack-commons-runtime-4.1.2.jar
Launcher Type: SUN_STANDARD

[Global flags]
     intx CICompilerCount                          = 3                                         {product} {ergonomic}
     uint ConcGCThreads                            = 1                                         {product} {ergonomic}
     uint G1ConcRefinementThreads                  = 4                                         {product} {ergonomic}
   size_t G1HeapRegionSize                         = 1048576                                   {product} {ergonomic}
    uintx GCDrainStackTargetSize                   = 64                                        {product} {ergonomic}
   size_t InitialHeapSize                          = 67108864                                  {product} {ergonomic}
   size_t MarkStackSize                            = 4194304                                   {product} {ergonomic}
   size_t MaxHeapSize                              = 536870912                                 {product} {command line}
   size_t MinHeapDeltaBytes                        = 1048576                                   {product} {ergonomic}
   size_t MinHeapSize                              = 8388608                                   {product} {ergonomic}
    uintx NonNMethodCodeHeapSize                   = 5832780                                {pd product} {ergonomic}
    uintx NonProfiledCodeHeapSize                  = 122912730                              {pd product} {ergonomic}
    uintx ProfiledCodeHeapSize                     = 122912730                              {pd product} {ergonomic}
    uintx ReservedCodeCacheSize                    = 251658240                              {pd product} {ergonomic}
     bool SegmentedCodeCache                       = true                                      {product} {ergonomic}
   size_t SoftMaxHeapSize                          = 536870912                              {manageable} {ergonomic}
     bool UseCompressedOops                        = true                           {product lp64_product} {ergonomic}
     bool UseG1GC                                  = true                                      {product} {ergonomic}
     bool UseLargePagesIndividualAllocation        = false                                  {pd product} {ergonomic}

Logging:
Log output configuration:
 #0: stdout all=warning uptime,level,tags foldmultilines=false
 #1: stderr all=off uptime,level,tags foldmultilines=false

Environment Variables:
JAVA_HOME=C:\Program Files\Java\jdk-21.0.3
CLASSPATH=C:\Users\Carito\Documents\Gabriel\Proyectos\acl\acl.back\\gradle\wrapper\gradle-wrapper.jar
PATH=C:\Program Files\Java\jdk-21.0.3\bin;c:\Program Files (x86)\Intel\iCLS Client\;c:\Program Files\Intel\iCLS Client\;C:\WINDOWS\system32;C:\WINDOWS;C:\WINDOWS\System32\Wbem;C:\WINDOWS\System32\WindowsPowerShell\v1.0\;C:\Program Files\nodejs\;C:\WINDOWS\System32\OpenSSH\;C:\Program Files (x86)\Intel\Intel(R) Management Engine Components\DAL;C:\Program Files\Intel\Intel(R) Management Engine Components\DAL;C:\Program Files (x86)\Intel\Intel(R) Management Engine Components\IPT;C:\Program Files\Intel\Intel(R) Management Engine Components\IPT;C:\Program Files\Crucial\Crucial Storage Executive;C:\Program Files\dotnet\;C:\Program Files\Git\cmd;C:\Program Files\MySQL\MySQL Shell 8.0\bin\;C:\Users\Carito\AppData\Local\Microsoft\WindowsApps;C:\Users\Carito\AppData\Roaming\npm;;C:\Users\Carito\AppData\Local\Programs\Microsoft VS Code\bin;C:\Program Files\JetBrains\IntelliJ IDEA 2024.1.1\bin;
USERNAME=Carito
OS=Windows_NT
PROCESSOR_IDENTIFIER=Intel64 Family 6 Model 69 Stepping 1, GenuineIntel
TMP=C:\Users\Carito\AppData\Local\Temp
TEMP=C:\Users\Carito\AppData\Local\Temp




Periodic native trim disabled

---------------  S Y S T E M  ---------------

OS:
 Windows 10 , 64 bit Build 19041 (10.0.19041.3636)
OS uptime: 12 days 8:55 hours

CPU: total 4 (initial active 4) (2 cores per cpu, 2 threads per core) family 6 model 69 stepping 1 microcode 0x25, cx8, cmov, fxsr, ht, mmx, sse, sse2, sse3, ssse3, sse4.1, sse4.2, popcnt, lzcnt, tsc, tscinvbit, avx, avx2, aes, erms, clmul, bmi1, bmi2, fma, vzeroupper, clflush, rdtscp, f16c
Processor Information for all 4 processors :
  Max Mhz: 1900, Current Mhz: 1900, Mhz Limit: 1900

Memory: 4k page, system-wide physical 4000M (315M free)
TotalPageFile size 10144M (AvailPageFile size 36M)
current process WorkingSet (physical memory assigned to process): 10M, peak: 10M
current process commit charge ("private bytes"): 51M, peak: 115M

vm_info: Java HotSpot(TM) 64-Bit Server VM (21.0.3+7-LTS-152) for windows-amd64 JRE (21.0.3+7-LTS-152), built on 2024-03-11T17:42:26Z by "mach5one" with MS VC++ 17.6 (VS2022)

END.
